<?xml version="1.0" encoding="UTF-8"?>
<robot generator="Robot 5.0.1 (Python 3.9.13 on win32)" generated="20221207 20:52:04.261" rpa="false" schemaversion="3">
<suite id="s1" name="Robot Interactive Console" source="c:\Users\nicoc\.vscode\extensions\robocorp.robotframework-lsp-1.6.0\src\robotframework_ls\vendored\robotframework_interactive\robot_interactive_console.robot">
<test id="s1-t1" name="Default Task/Test" line="5">
<kw name="Interpreter Main Loop" library="MainLoop">
<kw name="Open Available Browser">
<arg>https://robotsparebinindustries.com/</arg>
<msg timestamp="20221207 20:52:10.580" level="FAIL">No keyword with name 'Open Available Browser' found.</msg>
<status status="FAIL" starttime="20221207 20:52:10.580" endtime="20221207 20:52:10.580"/>
</kw>
<kw name="Open Available Browser">
<arg>https://robotsparebinindustries.com/</arg>
<msg timestamp="20221207 20:52:17.714" level="FAIL">No keyword with name 'Open Available Browser' found.</msg>
<status status="FAIL" starttime="20221207 20:52:17.713" endtime="20221207 20:52:17.714"/>
</kw>
<kw name="Open the intranet website">
<msg timestamp="20221207 20:52:25.602" level="FAIL">No keyword with name 'Open the intranet website' found.</msg>
<status status="FAIL" starttime="20221207 20:52:25.602" endtime="20221207 20:52:25.602"/>
</kw>
<kw name="Open Available Browser">
<arg>https://robotsparebinindustries.com/</arg>
<msg timestamp="20221207 20:52:42.981" level="FAIL">No keyword with name 'Open Available Browser' found.</msg>
<status status="FAIL" starttime="20221207 20:52:42.981" endtime="20221207 20:52:42.981"/>
</kw>
<kw name="Open Available Browser" library="RPA.Browser">
<doc>Attempts to open a browser on the user's device from a set of
supported browsers. Automatically downloads a corresponding webdriver
if none is already installed.</doc>
<status status="PASS" starttime="20221207 20:53:06.002" endtime="20221207 20:53:07.084"/>
</kw>
<kw name="Open Available Browser" library="RPA.Browser">
<arg>https://robotsparebinindustries.com/</arg>
<doc>Attempts to open a browser on the user's device from a set of
supported browsers. Automatically downloads a corresponding webdriver
if none is already installed.</doc>
<status status="PASS" starttime="20221207 20:53:17.191" endtime="20221207 20:53:18.594"/>
</kw>
<kw name="Input Text" library="RPA.Browser">
<arg>id:username</arg>
<arg>Maria</arg>
<doc>Types the given ``text`` into the text field identified by ``locator``.</doc>
<status status="PASS" starttime="20221207 20:53:24.696" endtime="20221207 20:53:24.741"/>
</kw>
<kw name="Input Password" library="RPA.Browser">
<arg>name:password prueba123</arg>
<doc>Types the given password into the text field identified by ``locator``.</doc>
<msg timestamp="20221207 21:00:25.143" level="FAIL">Keyword 'RPA.Browser.Input Password' expected 2 to 3 arguments, got 1.</msg>
<status status="FAIL" starttime="20221207 21:00:25.143" endtime="20221207 21:00:25.143"/>
</kw>
<kw name="Input Password" library="RPA.Browser">
<arg>name:password</arg>
<arg>prueba123</arg>
<doc>Types the given password into the text field identified by ``locator``.</doc>
<status status="PASS" starttime="20221207 21:01:04.956" endtime="20221207 21:01:04.999"/>
</kw>
<kw name="Submit Form" library="RPA.Browser">
<doc>Submits a form identified by ``locator``.</doc>
<msg timestamp="20221207 21:06:58.490" level="FAIL">NoSuchWindowException: Message: no such window: target window already closed
from unknown error: web view not found
  (Session info: chrome=108.0.5359.98)
Stacktrace:
Backtrace:
	(No symbol) [0x0054F243]
	(No symbol) [0x004D7FD1]
	(No symbol) [0x003CD04D]
	(No symbol) [0x003B2D7A]
	(No symbol) [0x0041BE7B]
	(No symbol) [0x0042C196]
	(No symbol) [0x00418386]
	(No symbol) [0x003F163C]
	(No symbol) [0x003F269D]
	GetHandleVerifier [0x007E9A22+2655074]
	GetHandleVerifier [0x007DCA24+2601828]
	GetHandleVerifier [0x005F8C0A+619850]
	GetHandleVerifier [0x005F7830+614768]
	(No symbol) [0x004E05FC]
	(No symbol) [0x004E5968]
	(No symbol) [0x004E5A55]
	(No symbol) [0x004F051B]
	BaseThreadInitThunk [0x76BBFEF9+25]
	RtlGetAppContainerNamedObjectPath [0x77777BBE+286]
	RtlGetAppContainerNamedObjectPath [0x77777B8E+238]
</msg>
<status status="FAIL" starttime="20221207 21:06:58.488" endtime="20221207 21:06:58.492"/>
</kw>
<kw name="Input Password" library="RPA.Browser">
<arg>name:password</arg>
<arg>thoushallnotpass</arg>
<doc>Types the given password into the text field identified by ``locator``.</doc>
<msg timestamp="20221207 21:07:39.170" level="FAIL">NoSuchWindowException: Message: no such window: target window already closed
from unknown error: web view not found
  (Session info: chrome=108.0.5359.98)
Stacktrace:
Backtrace:
	(No symbol) [0x0054F243]
	(No symbol) [0x004D7FD1]
	(No symbol) [0x003CD04D]
	(No symbol) [0x003B2D7A]
	(No symbol) [0x0041BE7B]
	(No symbol) [0x0042C196]
	(No symbol) [0x00418386]
	(No symbol) [0x003F163C]
	(No symbol) [0x003F269D]
	GetHandleVerifier [0x007E9A22+2655074]
	GetHandleVerifier [0x007DCA24+2601828]
	GetHandleVerifier [0x005F8C0A+619850]
	GetHandleVerifier [0x005F7830+614768]
	(No symbol) [0x004E05FC]
	(No symbol) [0x004E5968]
	(No symbol) [0x004E5A55]
	(No symbol) [0x004F051B]
	BaseThreadInitThunk [0x76BBFEF9+25]
	RtlGetAppContainerNamedObjectPath [0x77777BBE+286]
	RtlGetAppContainerNamedObjectPath [0x77777B8E+238]
</msg>
<status status="FAIL" starttime="20221207 21:07:39.167" endtime="20221207 21:07:39.170"/>
</kw>
<kw name="Submit Form" library="RPA.Browser">
<doc>Submits a form identified by ``locator``.</doc>
<status status="NOT RUN" starttime="20221207 21:07:39.171" endtime="20221207 21:07:39.171"/>
</kw>
<kw name="Input Password" library="RPA.Browser">
<arg>name:password</arg>
<arg>thoushallnotpass</arg>
<doc>Types the given password into the text field identified by ``locator``.</doc>
<msg timestamp="20221207 21:07:44.193" level="FAIL">NoSuchWindowException: Message: no such window: target window already closed
from unknown error: web view not found
  (Session info: chrome=108.0.5359.98)
Stacktrace:
Backtrace:
	(No symbol) [0x0054F243]
	(No symbol) [0x004D7FD1]
	(No symbol) [0x003CD04D]
	(No symbol) [0x003B2D7A]
	(No symbol) [0x0041BE7B]
	(No symbol) [0x0042C196]
	(No symbol) [0x00418386]
	(No symbol) [0x003F163C]
	(No symbol) [0x003F269D]
	GetHandleVerifier [0x007E9A22+2655074]
	GetHandleVerifier [0x007DCA24+2601828]
	GetHandleVerifier [0x005F8C0A+619850]
	GetHandleVerifier [0x005F7830+614768]
	(No symbol) [0x004E05FC]
	(No symbol) [0x004E5968]
	(No symbol) [0x004E5A55]
	(No symbol) [0x004F051B]
	BaseThreadInitThunk [0x76BBFEF9+25]
	RtlGetAppContainerNamedObjectPath [0x77777BBE+286]
	RtlGetAppContainerNamedObjectPath [0x77777B8E+238]
</msg>
<status status="FAIL" starttime="20221207 21:07:44.191" endtime="20221207 21:07:44.194"/>
</kw>
<kw name="Input Password" library="RPA.Browser">
<arg>name:password</arg>
<arg>thoushallnotpass</arg>
<doc>Types the given password into the text field identified by ``locator``.</doc>
<msg timestamp="20221207 21:07:56.252" level="FAIL">NoSuchWindowException: Message: no such window: target window already closed
from unknown error: web view not found
  (Session info: chrome=108.0.5359.98)
Stacktrace:
Backtrace:
	(No symbol) [0x0054F243]
	(No symbol) [0x004D7FD1]
	(No symbol) [0x003CD04D]
	(No symbol) [0x003B2D7A]
	(No symbol) [0x0041BE7B]
	(No symbol) [0x0042C196]
	(No symbol) [0x00418386]
	(No symbol) [0x003F163C]
	(No symbol) [0x003F269D]
	GetHandleVerifier [0x007E9A22+2655074]
	GetHandleVerifier [0x007DCA24+2601828]
	GetHandleVerifier [0x005F8C0A+619850]
	GetHandleVerifier [0x005F7830+614768]
	(No symbol) [0x004E05FC]
	(No symbol) [0x004E5968]
	(No symbol) [0x004E5A55]
	(No symbol) [0x004F051B]
	BaseThreadInitThunk [0x76BBFEF9+25]
	RtlGetAppContainerNamedObjectPath [0x77777BBE+286]
	RtlGetAppContainerNamedObjectPath [0x77777B8E+238]
</msg>
<status status="FAIL" starttime="20221207 21:07:56.249" endtime="20221207 21:07:56.252"/>
</kw>
<kw name="Input Password" library="RPA.Browser">
<arg>name:password</arg>
<arg>thoushallnotpass</arg>
<doc>Types the given password into the text field identified by ``locator``.</doc>
<msg timestamp="20221207 21:08:08.814" level="FAIL">NoSuchWindowException: Message: no such window: target window already closed
from unknown error: web view not found
  (Session info: chrome=108.0.5359.98)
Stacktrace:
Backtrace:
	(No symbol) [0x0054F243]
	(No symbol) [0x004D7FD1]
	(No symbol) [0x003CD04D]
	(No symbol) [0x003B2D7A]
	(No symbol) [0x0041BE7B]
	(No symbol) [0x0042C196]
	(No symbol) [0x00418386]
	(No symbol) [0x003F163C]
	(No symbol) [0x003F269D]
	GetHandleVerifier [0x007E9A22+2655074]
	GetHandleVerifier [0x007DCA24+2601828]
	GetHandleVerifier [0x005F8C0A+619850]
	GetHandleVerifier [0x005F7830+614768]
	(No symbol) [0x004E05FC]
	(No symbol) [0x004E5968]
	(No symbol) [0x004E5A55]
	(No symbol) [0x004F051B]
	BaseThreadInitThunk [0x76BBFEF9+25]
	RtlGetAppContainerNamedObjectPath [0x77777BBE+286]
	RtlGetAppContainerNamedObjectPath [0x77777B8E+238]
</msg>
<status status="FAIL" starttime="20221207 21:08:08.811" endtime="20221207 21:08:08.814"/>
</kw>
<status status="PASS" starttime="20221207 20:52:04.293" endtime="20221207 21:36:10.641"/>
</kw>
<status status="PASS" starttime="20221207 20:52:04.293" endtime="20221207 21:36:10.641"/>
</test>
<status status="PASS" starttime="20221207 20:52:04.263" endtime="20221207 21:36:10.642"/>
</suite>
<statistics>
<total>
<stat pass="1" fail="0" skip="0">All Tests</stat>
</total>
<tag>
</tag>
<suite>
<stat pass="1" fail="0" skip="0" id="s1" name="Robot Interactive Console">Robot Interactive Console</stat>
</suite>
</statistics>
<errors>
</errors>
</robot>
